{"D:\\Git\\roman2int\\lib\\index.js": {"path":"D:\\Git\\roman2int\\lib\\index.js","statementMap":{"0":{"start":{"line":1,"column":12},"end":{"line":1,"column":76}},"1":{"start":{"line":2,"column":15},"end":{"line":16,"column":1}},"2":{"start":{"line":23,"column":2},"end":{"line":25,"column":3}},"3":{"start":{"line":24,"column":4},"end":{"line":24,"column":32}},"4":{"start":{"line":27,"column":20},"end":{"line":27,"column":32}},"5":{"start":{"line":28,"column":24},"end":{"line":28,"column":47}},"6":{"start":{"line":29,"column":2},"end":{"line":29,"column":42}},"7":{"start":{"line":37,"column":16},"end":{"line":37,"column":28}},"8":{"start":{"line":39,"column":2},"end":{"line":43,"column":3}},"9":{"start":{"line":40,"column":4},"end":{"line":40,"column":37}},"10":{"start":{"line":42,"column":4},"end":{"line":42,"column":50}},"11":{"start":{"line":50,"column":15},"end":{"line":50,"column":19}},"12":{"start":{"line":51,"column":2},"end":{"line":53,"column":5}},"13":{"start":{"line":52,"column":4},"end":{"line":52,"column":29}},"14":{"start":{"line":54,"column":2},"end":{"line":54,"column":16}},"15":{"start":{"line":57,"column":0},"end":{"line":57,"column":27}}},"fnMap":{"0":{"name":"roman2int","decl":{"start":{"line":22,"column":9},"end":{"line":22,"column":18}},"loc":{"start":{"line":22,"column":26},"end":{"line":30,"column":1}},"line":22},"1":{"name":"response","decl":{"start":{"line":36,"column":9},"end":{"line":36,"column":17}},"loc":{"start":{"line":36,"column":42},"end":{"line":44,"column":1}},"line":36},"2":{"name":"calculateInteger","decl":{"start":{"line":49,"column":9},"end":{"line":49,"column":25}},"loc":{"start":{"line":49,"column":35},"end":{"line":55,"column":1}},"line":49},"3":{"name":"(anonymous_3)","decl":{"start":{"line":51,"column":50},"end":{"line":51,"column":51}},"loc":{"start":{"line":51,"column":66},"end":{"line":53,"column":3}},"line":51}},"branchMap":{"0":{"loc":{"start":{"line":23,"column":2},"end":{"line":25,"column":3}},"type":"if","locations":[{"start":{"line":23,"column":2},"end":{"line":25,"column":3}},{"start":{"line":23,"column":2},"end":{"line":25,"column":3}}],"line":23},"1":{"loc":{"start":{"line":23,"column":6},"end":{"line":23,"column":41}},"type":"binary-expr","locations":[{"start":{"line":23,"column":6},"end":{"line":23,"column":12}},{"start":{"line":23,"column":16},"end":{"line":23,"column":41}}],"line":23},"2":{"loc":{"start":{"line":39,"column":2},"end":{"line":43,"column":3}},"type":"if","locations":[{"start":{"line":39,"column":2},"end":{"line":43,"column":3}},{"start":{"line":39,"column":2},"end":{"line":43,"column":3}}],"line":39}},"s":{"0":1,"1":1,"2":38,"3":2,"4":36,"5":36,"6":36,"7":36,"8":36,"9":23,"10":13,"11":23,"12":23,"13":144,"14":23,"15":1},"f":{"0":38,"1":36,"2":23,"3":144},"b":{"0":[2,36],"1":[38,36],"2":[23,13]},"_coverageSchema":"1a1c01bbd47fc00a2c39e90264f33305004495a9","hash":"e8482589f85bf0126712c066f47a2d887902c829"}
}
